<?xml version="1.0" encoding="UTF-8"?>
<testsuite xmlns:xsi="http://www.w3.org/2001/XMLSchema-instance" xsi:noNamespaceSchemaLocation="https://maven.apache.org/surefire/maven-surefire-plugin/xsd/surefire-test-report-3.0.xsd" version="3.0" name="TestSuite" time="12.037" tests="4" errors="0" skipped="0" failures="0">
  <properties>
[...]
</properties>
  <testcase name="userCanContactUs" classname="tests.ContactUsTest" time="1.444">
    <system-err><![CDATA[SLF4J: Failed to load class "org.slf4j.impl.StaticLoggerBinder".
SLF4J: Defaulting to no-operation (NOP) logger implementation
SLF4J: See http://www.slf4j.org/codes.html#StaticLoggerBinder for further details.
Jun 03, 2024 11:56:33 AM org.openqa.selenium.devtools.CdpVersionFinder findNearestMatch
WARNING: Unable to find an exact match for CDP version 125, returning the closest version; found: 121; Please update to a Selenium version that supports CDP version 125
]]></system-err>
  </testcase>
  <testcase name="userCanSelectSubCatUsingHoverMenu" classname="tests.ProductHoverMenuTest" time="0.768"/>
  <testcase name="userCanSearchForProduct" classname="tests.SearchProductTest" time="1.184"/>
  <testcase name="userCanRegisterSuccessfully" classname="tests.UserRegistrationTestUsingJavaFaker" time="4.134">
    <system-out><![CDATA[The User Data is:
Firstname: Joette
Secondname: Emmerich
Email: lashawn.wuckert@gmail.com
Password: 41970032
]]></system-out>
  </testcase>
</testsuite>