<?xml version="1.0" encoding="UTF-8"?>
<!-- Generated by org.testng.reporters.JUnitXMLReporter -->
<testsuite ignored="6" hostname="192.168.1.4" failures="0" tests="4" name="Regression Test" time="7.641" errors="0" timestamp="03 Jun 2024 08:56:42 GMT">
  <testcase classname="tests.ContactUsTest" name="userCanContactUs" time="1.434"/>
  <testcase classname="tests.ProductHoverMenuTest" name="userCanSelectSubCatUsingHoverMenu" time="0.767"/>
  <testcase classname="tests.SearchProductTest" name="userCanSearchForProduct" time="1.188"/>
  <testcase classname="tests.UserRegistrationTestUsingJavaFaker" name="userCanRegisterSuccessfully" time="4.135"/>
  <testcase classname="tests.TestBase" name="@AfterSuite closeDriver" time="0.0">
    <ignored/>
  </testcase> <!-- @AfterSuite closeDriver -->
  <testcase classname="tests.TestBase" name="@AfterSuite closeDriver" time="0.0">
    <ignored/>
  </testcase> <!-- @AfterSuite closeDriver -->
  <testcase classname="tests.TestBase" name="@AfterSuite closeDriver" time="0.0">
    <ignored/>
  </testcase> <!-- @AfterSuite closeDriver -->
  <testcase classname="tests.TestBase" name="@BeforeSuite setUp" time="0.0">
    <ignored/>
  </testcase> <!-- @BeforeSuite setUp -->
  <testcase classname="tests.TestBase" name="@BeforeSuite setUp" time="0.0">
    <ignored/>
  </testcase> <!-- @BeforeSuite setUp -->
  <testcase classname="tests.TestBase" name="@BeforeSuite setUp" time="0.0">
    <ignored/>
  </testcase> <!-- @BeforeSuite setUp -->
</testsuite> <!-- Regression Test -->
